# JRE version: OpenJDK Runtime Environment Temurin-17.0.7+7 (17.0.7+7) (build 17.0.7+7)
# Java VM: OpenJDK 64-Bit Server VM Temurin-17.0.7+7 (17.0.7+7, mixed mode, tiered, compressed oops, compressed class ptrs, parallel gc, windows-amd64)
GC Precious Log:
 CPUs: 8 total, 8 available
 Memory: 8000M
 Large Page Support: Disabled
 NUMA Support: Disabled
 Compressed Oops: Enabled (32-bit)
 Alignments: Space 512K, Generation 512K, Heap 2M
 Heap Min Capacity: 100M
 Heap Initial Capacity: 100M
 Heap Max Capacity: 1G
 Pre-touch: Disabled
 Parallel Workers: 8
Heap:
 PSYoungGen      total 12800K, used 635K [0x00000000eab00000, 0x00000000eba80000, 0x0000000100000000)
  eden space 11264K, 2% used [0x00000000eab00000,0x00000000eab46ee0,0x00000000eb600000)
  from space 1536K, 22% used [0x00000000eb600000,0x00000000eb658000,0x00000000eb780000)
  to   space 1024K, 0% used [0x00000000eb980000,0x00000000eb980000,0x00000000eba80000)
 ParOldGen       total 183808K, used 167820K [0x00000000c0000000, 0x00000000cb380000, 0x00000000eab00000)
  object space 183808K, 91% used [0x00000000c0000000,0x00000000ca3e3018,0x00000000cb380000)
 Metaspace       used 77204K, committed 78464K, reserved 1179648K
  class space    used 7906K, committed 8448K, reserved 1048576K
GC Heap History (20 events):
Event: 159207.351 GC heap before
{Heap before GC invocations=536 (full 25):
 PSYoungGen      total 3072K, used 3064K [0x00000000eab00000, 0x00000000eb580000, 0x0000000100000000)
  eden space 2048K, 99% used [0x00000000eab00000,0x00000000eacfe240,0x00000000ead00000)
  from space 1024K, 100% used [0x00000000eb480000,0x00000000eb580000,0x00000000eb580000)
  to   space 3072K, 0% used [0x00000000eaf80000,0x00000000eaf80000,0x00000000eb280000)
 ParOldGen       total 183808K, used 141484K [0x00000000c0000000, 0x00000000cb380000, 0x00000000eab00000)
  object space 183808K, 76% used [0x00000000c0000000,0x00000000c8a2b270,0x00000000cb380000)
 Metaspace       used 75147K, committed 76352K, reserved 1179648K
  class space    used 7707K, committed 8320K, reserved 1048576K
}
Event: 159207.380 GC heap after
{Heap after GC invocations=536 (full 25):
 PSYoungGen      total 5632K, used 2005K [0x00000000eab00000, 0x00000000eb500000, 0x0000000100000000)
  eden space 2560K, 0% used [0x00000000eab00000,0x00000000eab00000,0x00000000ead80000)
  from space 3072K, 65% used [0x00000000eaf80000,0x00000000eb1755c0,0x00000000eb280000)
  to   space 2560K, 0% used [0x00000000eb280000,0x00000000eb280000,0x00000000eb500000)
 ParOldGen       total 183808K, used 142540K [0x00000000c0000000, 0x00000000cb380000, 0x00000000eab00000)
  object space 183808K, 77% used [0x00000000c0000000,0x00000000c8b33270,0x00000000cb380000)
 Metaspace       used 75147K, committed 76352K, reserved 1179648K
  class space    used 7707K, committed 8320K, reserved 1048576K
}
Event: 159207.405 GC heap before
{Heap before GC invocations=537 (full 25):
 PSYoungGen      total 5632K, used 4565K [0x00000000eab00000, 0x00000000eb500000, 0x0000000100000000)
  eden space 2560K, 100% used [0x00000000eab00000,0x00000000ead80000,0x00000000ead80000)
  from space 3072K, 65% used [0x00000000eaf80000,0x00000000eb1755c0,0x00000000eb280000)
  to   space 2560K, 0% used [0x00000000eb280000,0x00000000eb280000,0x00000000eb500000)
 ParOldGen       total 183808K, used 142540K [0x00000000c0000000, 0x00000000cb380000, 0x00000000eab00000)
  object space 183808K, 77% used [0x00000000c0000000,0x00000000c8b33270,0x00000000cb380000)
 Metaspace       used 75147K, committed 76352K, reserved 1179648K
  class space    used 7707K, committed 8320K, reserved 1048576K
}
Event: 159207.444 GC heap after
{Heap after GC invocations=537 (full 25):
 PSYoungGen      total 5120K, used 2030K [0x00000000eab00000, 0x00000000eb480000, 0x0000000100000000)
  eden space 3072K, 0% used [0x00000000eab00000,0x00000000eab00000,0x00000000eae00000)
  from space 2048K, 99% used [0x00000000eb280000,0x00000000eb47b800,0x00000000eb480000)
  to   space 2560K, 0% used [0x00000000eaf80000,0x00000000eaf80000,0x00000000eb200000)
 ParOldGen       total 183808K, used 144444K [0x00000000c0000000, 0x00000000cb380000, 0x00000000eab00000)
  object space 183808K, 78% used [0x00000000c0000000,0x00000000c8d0f270,0x00000000cb380000)
 Metaspace       used 75147K, committed 76352K, reserved 1179648K
  class space    used 7707K, committed 8320K, reserved 1048576K
}
Event: 159207.481 GC heap before
{Heap before GC invocations=538 (full 25):
 PSYoungGen      total 5120K, used 5102K [0x00000000eab00000, 0x00000000eb480000, 0x0000000100000000)
  eden space 3072K, 100% used [0x00000000eab00000,0x00000000eae00000,0x00000000eae00000)
  from space 2048K, 99% used [0x00000000eb280000,0x00000000eb47b800,0x00000000eb480000)
  to   space 2560K, 0% used [0x00000000eaf80000,0x00000000eaf80000,0x00000000eb200000)
 ParOldGen       total 183808K, used 144444K [0x00000000c0000000, 0x00000000cb380000, 0x00000000eab00000)
  object space 183808K, 78% used [0x00000000c0000000,0x00000000c8d0f270,0x00000000cb380000)
 Metaspace       used 75147K, committed 76352K, reserved 1179648K
  class space    used 7707K, committed 8320K, reserved 1048576K
}
Event: 159207.526 GC heap after
{Heap after GC invocations=538 (full 25):
 PSYoungGen      total 6656K, used 2556K [0x00000000eab00000, 0x00000000eb900000, 0x0000000100000000)
  eden space 4096K, 0% used [0x00000000eab00000,0x00000000eab00000,0x00000000eaf00000)
  from space 2560K, 99% used [0x00000000eaf80000,0x00000000eb1ff000,0x00000000eb200000)
  to   space 5120K, 0% used [0x00000000eb400000,0x00000000eb400000,0x00000000eb900000)
 ParOldGen       total 183808K, used 146188K [0x00000000c0000000, 0x00000000cb380000, 0x00000000eab00000)
  object space 183808K, 79% used [0x00000000c0000000,0x00000000c8ec3270,0x00000000cb380000)
 Metaspace       used 75147K, committed 76352K, reserved 1179648K
  class space    used 7707K, committed 8320K, reserved 1048576K
}
Event: 159208.034 GC heap before
{Heap before GC invocations=539 (full 25):
 PSYoungGen      total 6656K, used 6295K [0x00000000eab00000, 0x00000000eb900000, 0x0000000100000000)
  eden space 4096K, 91% used [0x00000000eab00000,0x00000000eaea6f80,0x00000000eaf00000)
  from space 2560K, 99% used [0x00000000eaf80000,0x00000000eb1ff000,0x00000000eb200000)
  to   space 5120K, 0% used [0x00000000eb400000,0x00000000eb400000,0x00000000eb900000)
 ParOldGen       total 183808K, used 146188K [0x00000000c0000000, 0x00000000cb380000, 0x00000000eab00000)
  object space 183808K, 79% used [0x00000000c0000000,0x00000000c8ec3270,0x00000000cb380000)
 Metaspace       used 75150K, committed 76416K, reserved 1179648K
  class space    used 7708K, committed 8320K, reserved 1048576K
}
Event: 159208.074 GC heap after
{Heap after GC invocations=539 (full 25):
 PSYoungGen      total 9216K, used 3724K [0x00000000eab00000, 0x00000000eb800000, 0x0000000100000000)
  eden space 5120K, 0% used [0x00000000eab00000,0x00000000eab00000,0x00000000eb000000)
  from space 4096K, 90% used [0x00000000eb400000,0x00000000eb7a32e0,0x00000000eb800000)
  to   space 4096K, 0% used [0x00000000eb000000,0x00000000eb000000,0x00000000eb400000)
 ParOldGen       total 183808K, used 147412K [0x00000000c0000000, 0x00000000cb380000, 0x00000000eab00000)
  object space 183808K, 80% used [0x00000000c0000000,0x00000000c8ff5270,0x00000000cb380000)
 Metaspace       used 75150K, committed 76416K, reserved 1179648K
  class space    used 7708K, committed 8320K, reserved 1048576K
}
Event: 159208.130 GC heap before
{Heap before GC invocations=540 (full 25):
 PSYoungGen      total 9216K, used 8844K [0x00000000eab00000, 0x00000000eb800000, 0x0000000100000000)
  eden space 5120K, 100% used [0x00000000eab00000,0x00000000eb000000,0x00000000eb000000)
  from space 4096K, 90% used [0x00000000eb400000,0x00000000eb7a32e0,0x00000000eb800000)
  to   space 4096K, 0% used [0x00000000eb000000,0x00000000eb000000,0x00000000eb400000)
 ParOldGen       total 183808K, used 147412K [0x00000000c0000000, 0x00000000cb380000, 0x00000000eab00000)
  object space 183808K, 80% used [0x00000000c0000000,0x00000000c8ff5270,0x00000000cb380000)
 Metaspace       used 75151K, committed 76416K, reserved 1179648K
  class space    used 7708K, committed 8320K, reserved 1048576K
}
Event: 159208.233 GC heap after
{Heap after GC invocations=540 (full 25):
 PSYoungGen      total 9216K, used 4064K [0x00000000eab00000, 0x00000000ec400000, 0x0000000100000000)
  eden space 5120K, 0% used [0x00000000eab00000,0x00000000eab00000,0x00000000eb000000)
  from space 4096K, 99% used [0x00000000eb000000,0x00000000eb3f8248,0x00000000eb400000)
  to   space 9728K, 0% used [0x00000000eba80000,0x00000000eba80000,0x00000000ec400000)
 ParOldGen       total 183808K, used 152121K [0x00000000c0000000, 0x00000000cb380000, 0x00000000eab00000)
  object space 183808K, 82% used [0x00000000c0000000,0x00000000c948e550,0x00000000cb380000)
 Metaspace       used 75151K, committed 76416K, reserved 1179648K
  class space    used 7708K, committed 8320K, reserved 1048576K
}
Event: 159208.302 GC heap before
{Heap before GC invocations=541 (full 25):
 PSYoungGen      total 9216K, used 9184K [0x00000000eab00000, 0x00000000ec400000, 0x0000000100000000)
  eden space 5120K, 100% used [0x00000000eab00000,0x00000000eb000000,0x00000000eb000000)
  from space 4096K, 99% used [0x00000000eb000000,0x00000000eb3f8248,0x00000000eb400000)
  to   space 9728K, 0% used [0x00000000eba80000,0x00000000eba80000,0x00000000ec400000)
 ParOldGen       total 183808K, used 152121K [0x00000000c0000000, 0x00000000cb380000, 0x00000000eab00000)
  object space 183808K, 82% used [0x00000000c0000000,0x00000000c948e550,0x00000000cb380000)
 Metaspace       used 75151K, committed 76416K, reserved 1179648K
  class space    used 7708K, committed 8320K, reserved 1048576K
}
Event: 159208.406 GC heap after
{Heap after GC invocations=541 (full 25):
 PSYoungGen      total 11776K, used 5184K [0x00000000eab00000, 0x00000000ec000000, 0x0000000100000000)
  eden space 6144K, 0% used [0x00000000eab00000,0x00000000eab00000,0x00000000eb100000)
  from space 5632K, 92% used [0x00000000eba80000,0x00000000ebf90000,0x00000000ec000000)
  to   space 6656K, 0% used [0x00000000eb300000,0x00000000eb300000,0x00000000eb980000)
 ParOldGen       total 183808K, used 156225K [0x00000000c0000000, 0x00000000cb380000, 0x00000000eab00000)
  object space 183808K, 84% used [0x00000000c0000000,0x00000000c9890798,0x00000000cb380000)
 Metaspace       used 75151K, committed 76416K, reserved 1179648K
  class space    used 7708K, committed 8320K, reserved 1048576K
}
Event: 159208.461 GC heap before
{Heap before GC invocations=542 (full 25):
 PSYoungGen      total 11776K, used 10869K [0x00000000eab00000, 0x00000000ec000000, 0x0000000100000000)
  eden space 6144K, 92% used [0x00000000eab00000,0x00000000eb08d4e0,0x00000000eb100000)
  from space 5632K, 92% used [0x00000000eba80000,0x00000000ebf90000,0x00000000ec000000)
  to   space 6656K, 0% used [0x00000000eb300000,0x00000000eb300000,0x00000000eb980000)
 ParOldGen       total 183808K, used 156225K [0x00000000c0000000, 0x00000000cb380000, 0x00000000eab00000)
  object space 183808K, 84% used [0x00000000c0000000,0x00000000c9890798,0x00000000cb380000)
 Metaspace       used 75154K, committed 76416K, reserved 1179648K
  class space    used 7708K, committed 8320K, reserved 1048576K
}
Event: 159208.729 GC heap after
{Heap after GC invocations=542 (full 25):
 PSYoungGen      total 12800K, used 4864K [0x00000000eab00000, 0x00000000ebd80000, 0x0000000100000000)
  eden space 7680K, 0% used [0x00000000eab00000,0x00000000eab00000,0x00000000eb280000)
  from space 5120K, 95% used [0x00000000eb300000,0x00000000eb7c0000,0x00000000eb800000)
  to   space 5632K, 0% used [0x00000000eb800000,0x00000000eb800000,0x00000000ebd80000)
 ParOldGen       total 183808K, used 161401K [0x00000000c0000000, 0x00000000cb380000, 0x00000000eab00000)
  object space 183808K, 87% used [0x00000000c0000000,0x00000000c9d9e798,0x00000000cb380000)
 Metaspace       used 75154K, committed 76416K, reserved 1179648K
  class space    used 7708K, committed 8320K, reserved 1048576K
}
Event: 159229.602 GC heap before
{Heap before GC invocations=543 (full 25):
 PSYoungGen      total 12800K, used 12544K [0x00000000eab00000, 0x00000000ebd80000, 0x0000000100000000)
  eden space 7680K, 100% used [0x00000000eab00000,0x00000000eb280000,0x00000000eb280000)
  from space 5120K, 95% used [0x00000000eb300000,0x00000000eb7c0000,0x00000000eb800000)
  to   space 5632K, 0% used [0x00000000eb800000,0x00000000eb800000,0x00000000ebd80000)
 ParOldGen       total 183808K, used 161401K [0x00000000c0000000, 0x00000000cb380000, 0x00000000eab00000)
  object space 183808K, 87% used [0x00000000c0000000,0x00000000c9d9e798,0x00000000cb380000)
 Metaspace       used 75208K, committed 76416K, reserved 1179648K
  class space    used 7710K, committed 8320K, reserved 1048576K
}
Event: 159229.698 GC heap after
{Heap after GC invocations=543 (full 25):
 PSYoungGen      total 11264K, used 1534K [0x00000000eab00000, 0x00000000eba00000, 0x0000000100000000)
  eden space 9216K, 0% used [0x00000000eab00000,0x00000000eab00000,0x00000000eb400000)
  from space 2048K, 74% used [0x00000000eb800000,0x00000000eb97fb10,0x00000000eba00000)
  to   space 3072K, 0% used [0x00000000eb400000,0x00000000eb400000,0x00000000eb700000)
 ParOldGen       total 183808K, used 165257K [0x00000000c0000000, 0x00000000cb380000, 0x00000000eab00000)
  object space 183808K, 89% used [0x00000000c0000000,0x00000000ca162798,0x00000000cb380000)
 Metaspace       used 75208K, committed 76416K, reserved 1179648K
  class space    used 7710K, committed 8320K, reserved 1048576K
}
Event: 159234.033 GC heap before
{Heap before GC invocations=544 (full 25):
 PSYoungGen      total 11264K, used 10750K [0x00000000eab00000, 0x00000000eba00000, 0x0000000100000000)
  eden space 9216K, 100% used [0x00000000eab00000,0x00000000eb400000,0x00000000eb400000)
  from space 2048K, 74% used [0x00000000eb800000,0x00000000eb97fb10,0x00000000eba00000)
  to   space 3072K, 0% used [0x00000000eb400000,0x00000000eb400000,0x00000000eb700000)
 ParOldGen       total 183808K, used 165257K [0x00000000c0000000, 0x00000000cb380000, 0x00000000eab00000)
  object space 183808K, 89% used [0x00000000c0000000,0x00000000ca162798,0x00000000cb380000)
 Metaspace       used 75782K, committed 76992K, reserved 1179648K
  class space    used 7760K, committed 8320K, reserved 1048576K
}
Event: 159234.138 GC heap after
{Heap after GC invocations=544 (full 25):
 PSYoungGen      total 12288K, used 724K [0x00000000eab00000, 0x00000000eb900000, 0x0000000100000000)
  eden space 9216K, 0% used [0x00000000eab00000,0x00000000eab00000,0x00000000eb400000)
  from space 3072K, 23% used [0x00000000eb400000,0x00000000eb4b5200,0x00000000eb700000)
  to   space 1536K, 0% used [0x00000000eb780000,0x00000000eb780000,0x00000000eb900000)
 ParOldGen       total 183808K, used 166682K [0x00000000c0000000, 0x00000000cb380000, 0x00000000eab00000)
  object space 183808K, 90% used [0x00000000c0000000,0x00000000ca2c6bb8,0x00000000cb380000)
 Metaspace       used 75782K, committed 76992K, reserved 1179648K
  class space    used 7760K, committed 8320K, reserved 1048576K
}
Event: 159235.204 GC heap before
{Heap before GC invocations=545 (full 25):
 PSYoungGen      total 12288K, used 9940K [0x00000000eab00000, 0x00000000eb900000, 0x0000000100000000)
  eden space 9216K, 100% used [0x00000000eab00000,0x00000000eb400000,0x00000000eb400000)
  from space 3072K, 23% used [0x00000000eb400000,0x00000000eb4b5200,0x00000000eb700000)
  to   space 1536K, 0% used [0x00000000eb780000,0x00000000eb780000,0x00000000eb900000)
 ParOldGen       total 183808K, used 166682K [0x00000000c0000000, 0x00000000cb380000, 0x00000000eab00000)
  object space 183808K, 90% used [0x00000000c0000000,0x00000000ca2c6bb8,0x00000000cb380000)
 Metaspace       used 76241K, committed 77440K, reserved 1179648K
  class space    used 7805K, committed 8384K, reserved 1048576K
}
Event: 159235.215 GC heap after
{Heap after GC invocations=545 (full 25):
 PSYoungGen      total 12800K, used 1149K [0x00000000eab00000, 0x00000000eb900000, 0x0000000100000000)
  eden space 11264K, 0% used [0x00000000eab00000,0x00000000eab00000,0x00000000eb600000)
  from space 1536K, 74% used [0x00000000eb780000,0x00000000eb89f4e0,0x00000000eb900000)
  to   space 1536K, 0% used [0x00000000eb600000,0x00000000eb600000,0x00000000eb780000)
 ParOldGen       total 183808K, used 167279K [0x00000000c0000000, 0x00000000cb380000, 0x00000000eab00000)
  object space 183808K, 91% used [0x00000000c0000000,0x00000000ca35bd70,0x00000000cb380000)
 Metaspace       used 76241K, committed 77440K, reserved 1179648K
  class space    used 7805K, committed 8384K, reserved 1048576K
}

