# JRE version: OpenJDK Runtime Environment Temurin-17.0.7+7 (17.0.7+7) (build 17.0.7+7)
# Java VM: OpenJDK 64-Bit Server VM Temurin-17.0.7+7 (17.0.7+7, mixed mode, emulated-client, tiered, compressed oops, compressed class ptrs, g1 gc, windows-amd64)
GC Precious Log:
 CPUs: 8 total, 8 available
 Memory: 8000M
 Large Page Support: Disabled
 NUMA Support: Disabled
 Compressed Oops: Enabled (32-bit)
 Heap Region Size: 1M
 Heap Min Capacity: 8M
 Heap Initial Capacity: 126M
 Heap Max Capacity: 1G
 Pre-touch: Disabled
 Parallel Workers: 8
 Concurrent Workers: 2
 Concurrent Refinement Workers: 8
 Periodic GC: Disabled
Heap:
 garbage-first heap   total 201728K, used 59305K [0x00000000c0000000, 0x0000000100000000)
  region size 1024K, 1 young (1024K), 0 survivors (0K)
 Metaspace       used 75428K, committed 76032K, reserved 1114112K
  class space    used 10327K, committed 10624K, reserved 1048576K
GC Heap History (20 events):
Event: 26668.219 GC heap before
{Heap before GC invocations=2836 (full 2540):
 garbage-first heap   total 201728K, used 59305K [0x00000000c0000000, 0x0000000100000000)
  region size 1024K, 1 young (1024K), 0 survivors (0K)
 Metaspace       used 75428K, committed 76032K, reserved 1114112K
  class space    used 10327K, committed 10624K, reserved 1048576K
}
Event: 26668.284 GC heap after
{Heap after GC invocations=2837 (full 2541):
 garbage-first heap   total 201728K, used 59305K [0x00000000c0000000, 0x0000000100000000)
  region size 1024K, 0 young (0K), 0 survivors (0K)
 Metaspace       used 75428K, committed 76032K, reserved 1114112K
  class space    used 10327K, committed 10624K, reserved 1048576K
}
Event: 26678.559 GC heap before
{Heap before GC invocations=2837 (full 2541):
 garbage-first heap   total 201728K, used 59305K [0x00000000c0000000, 0x0000000100000000)
  region size 1024K, 1 young (1024K), 0 survivors (0K)
 Metaspace       used 75428K, committed 76032K, reserved 1114112K
  class space    used 10327K, committed 10624K, reserved 1048576K
}
Event: 26678.635 GC heap after
{Heap after GC invocations=2838 (full 2542):
 garbage-first heap   total 201728K, used 59305K [0x00000000c0000000, 0x0000000100000000)
  region size 1024K, 0 young (0K), 0 survivors (0K)
 Metaspace       used 75428K, committed 76032K, reserved 1114112K
  class space    used 10327K, committed 10624K, reserved 1048576K
}
Event: 26689.178 GC heap before
{Heap before GC invocations=2838 (full 2542):
 garbage-first heap   total 201728K, used 59305K [0x00000000c0000000, 0x0000000100000000)
  region size 1024K, 1 young (1024K), 0 survivors (0K)
 Metaspace       used 75428K, committed 76032K, reserved 1114112K
  class space    used 10327K, committed 10624K, reserved 1048576K
}
Event: 26689.281 GC heap after
{Heap after GC invocations=2839 (full 2543):
 garbage-first heap   total 201728K, used 59305K [0x00000000c0000000, 0x0000000100000000)
  region size 1024K, 0 young (0K), 0 survivors (0K)
 Metaspace       used 75428K, committed 76032K, reserved 1114112K
  class space    used 10327K, committed 10624K, reserved 1048576K
}
Event: 26699.516 GC heap before
{Heap before GC invocations=2839 (full 2543):
 garbage-first heap   total 201728K, used 59305K [0x00000000c0000000, 0x0000000100000000)
  region size 1024K, 1 young (1024K), 0 survivors (0K)
 Metaspace       used 75428K, committed 76032K, reserved 1114112K
  class space    used 10327K, committed 10624K, reserved 1048576K
}
Event: 26699.586 GC heap after
{Heap after GC invocations=2840 (full 2544):
 garbage-first heap   total 201728K, used 59305K [0x00000000c0000000, 0x0000000100000000)
  region size 1024K, 0 young (0K), 0 survivors (0K)
 Metaspace       used 75428K, committed 76032K, reserved 1114112K
  class space    used 10327K, committed 10624K, reserved 1048576K
}
Event: 26709.826 GC heap before
{Heap before GC invocations=2840 (full 2544):
 garbage-first heap   total 201728K, used 59305K [0x00000000c0000000, 0x0000000100000000)
  region size 1024K, 1 young (1024K), 0 survivors (0K)
 Metaspace       used 75428K, committed 76032K, reserved 1114112K
  class space    used 10327K, committed 10624K, reserved 1048576K
}
Event: 26709.894 GC heap after
{Heap after GC invocations=2841 (full 2545):
 garbage-first heap   total 201728K, used 59305K [0x00000000c0000000, 0x0000000100000000)
  region size 1024K, 0 young (0K), 0 survivors (0K)
 Metaspace       used 75428K, committed 76032K, reserved 1114112K
  class space    used 10327K, committed 10624K, reserved 1048576K
}
Event: 26720.187 GC heap before
{Heap before GC invocations=2841 (full 2545):
 garbage-first heap   total 201728K, used 59305K [0x00000000c0000000, 0x0000000100000000)
  region size 1024K, 1 young (1024K), 0 survivors (0K)
 Metaspace       used 75428K, committed 76032K, reserved 1114112K
  class space    used 10327K, committed 10624K, reserved 1048576K
}
Event: 26720.279 GC heap after
{Heap after GC invocations=2842 (full 2546):
 garbage-first heap   total 201728K, used 59305K [0x00000000c0000000, 0x0000000100000000)
  region size 1024K, 0 young (0K), 0 survivors (0K)
 Metaspace       used 75428K, committed 76032K, reserved 1114112K
  class space    used 10327K, committed 10624K, reserved 1048576K
}
Event: 26730.727 GC heap before
{Heap before GC invocations=2842 (full 2546):
 garbage-first heap   total 201728K, used 59305K [0x00000000c0000000, 0x0000000100000000)
  region size 1024K, 1 young (1024K), 0 survivors (0K)
 Metaspace       used 75428K, committed 76032K, reserved 1114112K
  class space    used 10327K, committed 10624K, reserved 1048576K
}
Event: 26730.842 GC heap after
{Heap after GC invocations=2843 (full 2547):
 garbage-first heap   total 201728K, used 59305K [0x00000000c0000000, 0x0000000100000000)
  region size 1024K, 0 young (0K), 0 survivors (0K)
 Metaspace       used 75428K, committed 76032K, reserved 1114112K
  class space    used 10327K, committed 10624K, reserved 1048576K
}
Event: 26741.225 GC heap before
{Heap before GC invocations=2843 (full 2547):
 garbage-first heap   total 201728K, used 59305K [0x00000000c0000000, 0x0000000100000000)
  region size 1024K, 1 young (1024K), 0 survivors (0K)
 Metaspace       used 75428K, committed 76032K, reserved 1114112K
  class space    used 10327K, committed 10624K, reserved 1048576K
}
Event: 26741.319 GC heap after
{Heap after GC invocations=2844 (full 2548):
 garbage-first heap   total 201728K, used 59305K [0x00000000c0000000, 0x0000000100000000)
  region size 1024K, 0 young (0K), 0 survivors (0K)
 Metaspace       used 75428K, committed 76032K, reserved 1114112K
  class space    used 10327K, committed 10624K, reserved 1048576K
}
Event: 26751.715 GC heap before
{Heap before GC invocations=2844 (full 2548):
 garbage-first heap   total 201728K, used 59305K [0x00000000c0000000, 0x0000000100000000)
  region size 1024K, 1 young (1024K), 0 survivors (0K)
 Metaspace       used 75428K, committed 76032K, reserved 1114112K
  class space    used 10327K, committed 10624K, reserved 1048576K
}
Event: 26751.806 GC heap after
{Heap after GC invocations=2845 (full 2549):
 garbage-first heap   total 201728K, used 59305K [0x00000000c0000000, 0x0000000100000000)
  region size 1024K, 0 young (0K), 0 survivors (0K)
 Metaspace       used 75428K, committed 76032K, reserved 1114112K
  class space    used 10327K, committed 10624K, reserved 1048576K
}
Event: 26762.923 GC heap before
{Heap before GC invocations=2845 (full 2549):
 garbage-first heap   total 201728K, used 59305K [0x00000000c0000000, 0x0000000100000000)
  region size 1024K, 1 young (1024K), 0 survivors (0K)
 Metaspace       used 75428K, committed 76032K, reserved 1114112K
  class space    used 10327K, committed 10624K, reserved 1048576K
}
Event: 26763.041 GC heap after
{Heap after GC invocations=2846 (full 2550):
 garbage-first heap   total 201728K, used 59305K [0x00000000c0000000, 0x0000000100000000)
  region size 1024K, 0 young (0K), 0 survivors (0K)
 Metaspace       used 75428K, committed 76032K, reserved 1114112K
  class space    used 10327K, committed 10624K, reserved 1048576K
}

